Determining if the pthread_create exist failed with the following output:
Change Dir: /storage/student9/advancedhpc2019/labwork/build/CMakeFiles/CMakeTmp

Run Build Command:"/usr/bin/make" "cmTC_7115a/fast"
/usr/bin/make -f CMakeFiles/cmTC_7115a.dir/build.make CMakeFiles/cmTC_7115a.dir/build
make[1]: Entering directory '/storage/student9/advancedhpc2019/labwork/build/CMakeFiles/CMakeTmp'
Building C object CMakeFiles/cmTC_7115a.dir/CheckSymbolExists.c.o
/usr/bin/cc    -fPIC    -o CMakeFiles/cmTC_7115a.dir/CheckSymbolExists.c.o   -c /storage/student9/advancedhpc2019/labwork/build/CMakeFiles/CMakeTmp/CheckSymbolExists.c
Linking C executable cmTC_7115a
/usr/bin/cmake -E cmake_link_script CMakeFiles/cmTC_7115a.dir/link.txt --verbose=1
/usr/bin/cc  -fPIC     CMakeFiles/cmTC_7115a.dir/CheckSymbolExists.c.o  -o cmTC_7115a -rdynamic 
CMakeFiles/cmTC_7115a.dir/CheckSymbolExists.c.o: In function `main':
CheckSymbolExists.c:(.text+0x1b): undefined reference to `pthread_create'
collect2: error: ld returned 1 exit status
CMakeFiles/cmTC_7115a.dir/build.make:97: recipe for target 'cmTC_7115a' failed
make[1]: *** [cmTC_7115a] Error 1
make[1]: Leaving directory '/storage/student9/advancedhpc2019/labwork/build/CMakeFiles/CMakeTmp'
Makefile:126: recipe for target 'cmTC_7115a/fast' failed
make: *** [cmTC_7115a/fast] Error 2

File /storage/student9/advancedhpc2019/labwork/build/CMakeFiles/CMakeTmp/CheckSymbolExists.c:
/* */
#include <pthread.h>

int main(int argc, char** argv)
{
  (void)argv;
#ifndef pthread_create
  return ((int*)(&pthread_create))[argc];
#else
  (void)argc;
  return 0;
#endif
}

Determining if the function pthread_create exists in the pthreads failed with the following output:
Change Dir: /storage/student9/advancedhpc2019/labwork/build/CMakeFiles/CMakeTmp

Run Build Command:"/usr/bin/make" "cmTC_8e41e/fast"
/usr/bin/make -f CMakeFiles/cmTC_8e41e.dir/build.make CMakeFiles/cmTC_8e41e.dir/build
make[1]: Entering directory '/storage/student9/advancedhpc2019/labwork/build/CMakeFiles/CMakeTmp'
Building C object CMakeFiles/cmTC_8e41e.dir/CheckFunctionExists.c.o
/usr/bin/cc    -fPIC -DCHECK_FUNCTION_EXISTS=pthread_create   -o CMakeFiles/cmTC_8e41e.dir/CheckFunctionExists.c.o   -c /usr/share/cmake-3.7/Modules/CheckFunctionExists.c
Linking C executable cmTC_8e41e
/usr/bin/cmake -E cmake_link_script CMakeFiles/cmTC_8e41e.dir/link.txt --verbose=1
/usr/bin/cc  -fPIC -DCHECK_FUNCTION_EXISTS=pthread_create    CMakeFiles/cmTC_8e41e.dir/CheckFunctionExists.c.o  -o cmTC_8e41e -rdynamic -lpthreads 
/usr/bin/ld: cannot find -lpthreads
collect2: error: ld returned 1 exit status
CMakeFiles/cmTC_8e41e.dir/build.make:97: recipe for target 'cmTC_8e41e' failed
make[1]: *** [cmTC_8e41e] Error 1
make[1]: Leaving directory '/storage/student9/advancedhpc2019/labwork/build/CMakeFiles/CMakeTmp'
Makefile:126: recipe for target 'cmTC_8e41e/fast' failed
make: *** [cmTC_8e41e/fast] Error 2


